<?xml version="1.0" encoding="UTF-8"?>
<!-- Generated by org.testng.reporters.JUnitXMLReporter -->
<testsuite ignored="0" hostname="Dheekshu" failures="1" tests="13" name="Surefire test" time="361.923" errors="0" timestamp="2024-03-24T21:25:49 IST">
  <testcase classname="com.test.SpiceJetTest" name="signUp_TC01" time="50.948"/>
  <testcase classname="com.test.SpiceJetTest" name="signUp_MandCheck_TC02" time="10.913"/>
  <testcase classname="com.test.SpiceJetTest" name="login_Email_TC03" time="1.266">
    <failure type="org.openqa.selenium.ElementClickInterceptedException" message="element click intercepted: Element &amp;lt;div class=&amp;quot;css-76zvg2 r-jwli3a r-ubezar&amp;quot; dir=&amp;quot;auto&amp;quot; style=&amp;quot;font-family: inherit;&amp;quot;&amp;gt;...&amp;lt;/div&amp;gt; is not clickable at point (1274, 30). Other element would receive the click: &amp;lt;div class=&amp;quot;css-1dbjc4n r-1awozwy r-1fdnko3 r-13awgt0 r-1777fci&amp;quot;&amp;gt;...&amp;lt;/div&amp;gt;
  (Session info: chrome=123.0.6312.58)
Build info: version: &amp;apos;4.12.1&amp;apos;, revision: &amp;apos;8e34639b11&amp;apos;
System info: os.name: &amp;apos;Windows 11&amp;apos;, os.arch: &amp;apos;amd64&amp;apos;, os.version: &amp;apos;10.0&amp;apos;, java.version: &amp;apos;17.0.9&amp;apos;
Driver info: org.openqa.selenium.chrome.ChromeDriver
Command: [81a98e7d68733978eeefb6a9dc18f37f, clickElement {id=f.82B025BA202D8EC5EF68F8E1D8687BC5.d.05190D381348BFC545FF36F2E4DB1547.e.278}]
Capabilities {acceptInsecureCerts: false, browserName: chrome, browserVersion: 123.0.6312.58, chrome: {chromedriverVersion: 123.0.6312.58 (6b4b19e9dfbb..., userDataDir: C:\Users\rajie\AppData\Loca...}, fedcm:accounts: true, goog:chromeOptions: {debuggerAddress: localhost:55392}, networkConnectionEnabled: false, pageLoadStrategy: normal, platformName: windows, proxy: Proxy(), se:cdp: ws://localhost:55392/devtoo..., se:cdpVersion: 123.0.6312.58, setWindowRect: true, strictFileInteractability: false, timeouts: {implicit: 0, pageLoad: 300000, script: 30000}, unhandledPromptBehavior: dismiss and notify, webauthn:extension:credBlob: true, webauthn:extension:largeBlob: true, webauthn:extension:minPinLength: true, webauthn:extension:prf: true, webauthn:virtualAuthenticators: true}
Element: [[ChromeDriver: chrome on windows (81a98e7d68733978eeefb6a9dc18f37f)] -&amp;gt; xpath: //div[text()=&amp;apos;Login&amp;apos;]]
Session ID: 81a98e7d68733978eeefb6a9dc18f37f">
      <![CDATA[org.openqa.selenium.ElementClickInterceptedException: element click intercepted: Element <div class="css-76zvg2 r-jwli3a r-ubezar" dir="auto" style="font-family: inherit;">...</div> is not clickable at point (1274, 30). Other element would receive the click: <div class="css-1dbjc4n r-1awozwy r-1fdnko3 r-13awgt0 r-1777fci">...</div>
  (Session info: chrome=123.0.6312.58)
Build info: version: '4.12.1', revision: '8e34639b11'
System info: os.name: 'Windows 11', os.arch: 'amd64', os.version: '10.0', java.version: '17.0.9'
Driver info: org.openqa.selenium.chrome.ChromeDriver
Command: [81a98e7d68733978eeefb6a9dc18f37f, clickElement {id=f.82B025BA202D8EC5EF68F8E1D8687BC5.d.05190D381348BFC545FF36F2E4DB1547.e.278}]
Capabilities {acceptInsecureCerts: false, browserName: chrome, browserVersion: 123.0.6312.58, chrome: {chromedriverVersion: 123.0.6312.58 (6b4b19e9dfbb..., userDataDir: C:\Users\rajie\AppData\Loca...}, fedcm:accounts: true, goog:chromeOptions: {debuggerAddress: localhost:55392}, networkConnectionEnabled: false, pageLoadStrategy: normal, platformName: windows, proxy: Proxy(), se:cdp: ws://localhost:55392/devtoo..., se:cdpVersion: 123.0.6312.58, setWindowRect: true, strictFileInteractability: false, timeouts: {implicit: 0, pageLoad: 300000, script: 30000}, unhandledPromptBehavior: dismiss and notify, webauthn:extension:credBlob: true, webauthn:extension:largeBlob: true, webauthn:extension:minPinLength: true, webauthn:extension:prf: true, webauthn:virtualAuthenticators: true}
Element: [[ChromeDriver: chrome on windows (81a98e7d68733978eeefb6a9dc18f37f)] -> xpath: //div[text()='Login']]
Session ID: 81a98e7d68733978eeefb6a9dc18f37f
at org.openqa.selenium.remote.codec.w3c.W3CHttpResponseCodec.createException(W3CHttpResponseCodec.java:200)
at org.openqa.selenium.remote.codec.w3c.W3CHttpResponseCodec.decode(W3CHttpResponseCodec.java:133)
at org.openqa.selenium.remote.codec.w3c.W3CHttpResponseCodec.decode(W3CHttpResponseCodec.java:52)
at org.openqa.selenium.remote.HttpCommandExecutor.execute(HttpCommandExecutor.java:191)
at org.openqa.selenium.remote.service.DriverCommandExecutor.invokeExecute(DriverCommandExecutor.java:196)
at org.openqa.selenium.remote.service.DriverCommandExecutor.execute(DriverCommandExecutor.java:171)
at org.openqa.selenium.remote.RemoteWebDriver.execute(RemoteWebDriver.java:602)
at org.openqa.selenium.remote.RemoteWebElement.execute(RemoteWebElement.java:224)
at org.openqa.selenium.remote.RemoteWebElement.click(RemoteWebElement.java:77)
at com.pages.HomePage.clickOnLoginButton(HomePage.java:26)
at com.test.SpiceJetTest.login_Email_TC03(SpiceJetTest.java:65)
at java.base/java.util.ArrayList.forEach(ArrayList.java:1511)
... Removed 37 stack frames]]>
    </failure>
  </testcase> <!-- login_Email_TC03 -->
  <testcase classname="com.test.SpiceJetTest" name="login_Mobile_TC04" time="12.815"/>
  <testcase classname="com.test.SpiceJetTest" name="pageFieldValidation_TC05" time="0.201"/>
  <testcase classname="com.test.SpiceJetTest" name="oneWayFlight_TC06" time="54.445"/>
  <testcase classname="com.test.SpiceJetTest" name="roundTripFlight_TC07" time="58.653"/>
  <testcase classname="com.test.SpiceJetTest" name="login_IncorrectEmail_TC08" time="13.061"/>
  <testcase classname="com.test.SpiceJetTest" name="login_IncorrectMobile_TC09" time="10.326"/>
  <testcase classname="com.test.SpiceJetTest" name="login_IncorrectPassword_TC10" time="13.042"/>
  <testcase classname="com.test.SpiceJetTest" name="login_mandMobileInput_TC11" time="9.931"/>
  <testcase classname="com.test.SpiceJetTest" name="login_mandEmailInput_TC12" time="12.026"/>
  <testcase classname="com.test.SpiceJetTest" name="login_mandPaswrdInput_TC13" time="11.372"/>
</testsuite> <!-- Surefire test -->
